<?xml version="1.0" encoding="UTF-8"?>
<testng-results skipped="0" failed="1" ignored="0" total="1" passed="0">
  <reporter-output>
  </reporter-output>
  <suite name="Default suite" duration-ms="346147" started-at="2017-09-01T11:21:40Z" finished-at="2017-09-01T11:27:26Z">
    <groups>
      <group name="cucumber">
        <method signature="AbstractTestNGCucumberTests.feature(cucumber.api.testng.CucumberFeatureWrapper)[pri:0, instance:by.epam.atmentoring.logging.test.GmailTestBDD@7161d8d1]" name="feature" class="cucumber.api.testng.AbstractTestNGCucumberTests"/>
      </group> <!-- cucumber -->
    </groups>
    <test name="Default test" duration-ms="346147" started-at="2017-09-01T11:21:40Z" finished-at="2017-09-01T11:27:26Z">
      <class name="by.epam.atmentoring.logging.test.GmailTestBDD">
        <test-method status="PASS" signature="setUpClass()[pri:0, instance:by.epam.atmentoring.logging.test.GmailTestBDD@7161d8d1]" name="setUpClass" is-config="true" duration-ms="182" started-at="2017-09-01T14:21:40Z" finished-at="2017-09-01T14:21:40Z">
          <reporter-output>
          </reporter-output>
        </test-method> <!-- setUpClass -->
        <test-method status="PASS" signature="startBrowser()[pri:0, instance:by.epam.atmentoring.logging.test.GmailTestBDD@7161d8d1]" name="startBrowser" is-config="true" duration-ms="15" started-at="2017-09-01T14:21:40Z" description="Start browser, add implicit wait and maximize window" finished-at="2017-09-01T14:21:40Z">
          <reporter-output>
          </reporter-output>
        </test-method> <!-- startBrowser -->
        <test-method status="FAIL" signature="feature(cucumber.api.testng.CucumberFeatureWrapper)[pri:0, instance:by.epam.atmentoring.logging.test.GmailTestBDD@7161d8d1]" name="feature" duration-ms="344988" started-at="2017-09-01T14:21:40Z" description="Runs Cucumber Feature" data-provider="features" finished-at="2017-09-01T14:27:25Z">
          <params>
            <param index="0">
              <value>
                <![CDATA[GmailTestSteps]]>
              </value>
            </param>
          </params>
          <exception class="cucumber.runtime.CucumberException">
            <message>
              <![CDATA[org.openqa.selenium.TimeoutException: Expected condition failed: waiting for visibility of element located by By.xpath: //tr[1]/td[4]/div[2]/font[contains(text(), 'Draft')] (tried for 100 second(s) with 500 MILLISECONDS interval)
Build info: version: '3.4.0', revision: 'unknown', time: 'unknown'
System info: host: 'EPBYMINW2444', ip: '10.186.222.146', os.name: 'Windows 10', os.arch: 'amd64', os.version: '10.0', java.version: '1.8.0_131'
Driver info: by.epam.atmentoring.logging.decorator.DriverDecorator]]>
            </message>
            <full-stacktrace>
              <![CDATA[cucumber.runtime.CucumberException: org.openqa.selenium.TimeoutException: Expected condition failed: waiting for visibility of element located by By.xpath: //tr[1]/td[4]/div[2]/font[contains(text(), 'Draft')] (tried for 100 second(s) with 500 MILLISECONDS interval)
Build info: version: '3.4.0', revision: 'unknown', time: 'unknown'
System info: host: 'EPBYMINW2444', ip: '10.186.222.146', os.name: 'Windows 10', os.arch: 'amd64', os.version: '10.0', java.version: '1.8.0_131'
Driver info: by.epam.atmentoring.logging.decorator.DriverDecorator
	at cucumber.api.testng.TestNGCucumberRunner.runCucumber(TestNGCucumberRunner.java:69)
	at cucumber.api.testng.AbstractTestNGCucumberTests.feature(AbstractTestNGCucumberTests.java:21)
	at sun.reflect.NativeMethodAccessorImpl.invoke0(Native Method)
	at sun.reflect.NativeMethodAccessorImpl.invoke(Unknown Source)
	at sun.reflect.DelegatingMethodAccessorImpl.invoke(Unknown Source)
	at java.lang.reflect.Method.invoke(Unknown Source)
	at org.testng.internal.MethodInvocationHelper.invokeMethod(MethodInvocationHelper.java:108)
	at org.testng.internal.Invoker.invokeMethod(Invoker.java:661)
	at org.testng.internal.Invoker.invokeTestMethod(Invoker.java:869)
	at org.testng.internal.Invoker.invokeTestMethods(Invoker.java:1193)
	at org.testng.internal.TestMethodWorker.invokeTestMethods(TestMethodWorker.java:126)
	at org.testng.internal.TestMethodWorker.run(TestMethodWorker.java:109)
	at org.testng.TestRunner.privateRun(TestRunner.java:744)
	at org.testng.TestRunner.run(TestRunner.java:602)
	at org.testng.SuiteRunner.runTest(SuiteRunner.java:380)
	at org.testng.SuiteRunner.runSequentially(SuiteRunner.java:375)
	at org.testng.SuiteRunner.privateRun(SuiteRunner.java:340)
	at org.testng.SuiteRunner.run(SuiteRunner.java:289)
	at org.testng.SuiteRunnerWorker.runSuite(SuiteRunnerWorker.java:52)
	at org.testng.SuiteRunnerWorker.run(SuiteRunnerWorker.java:86)
	at org.testng.TestNG.runSuitesSequentially(TestNG.java:1301)
	at org.testng.TestNG.runSuitesLocally(TestNG.java:1226)
	at org.testng.TestNG.runSuites(TestNG.java:1144)
	at org.testng.TestNG.run(TestNG.java:1115)
	at org.testng.remote.AbstractRemoteTestNG.run(AbstractRemoteTestNG.java:132)
	at org.testng.remote.RemoteTestNG.initAndRun(RemoteTestNG.java:230)
	at org.testng.remote.RemoteTestNG.main(RemoteTestNG.java:76)
Caused by: org.openqa.selenium.TimeoutException: Expected condition failed: waiting for visibility of element located by By.xpath: //tr[1]/td[4]/div[2]/font[contains(text(), 'Draft')] (tried for 100 second(s) with 500 MILLISECONDS interval)
Build info: version: '3.4.0', revision: 'unknown', time: 'unknown'
System info: host: 'EPBYMINW2444', ip: '10.186.222.146', os.name: 'Windows 10', os.arch: 'amd64', os.version: '10.0', java.version: '1.8.0_131'
Driver info: by.epam.atmentoring.logging.decorator.DriverDecorator
	at org.openqa.selenium.support.ui.WebDriverWait.timeoutException(WebDriverWait.java:80)
	at org.openqa.selenium.support.ui.FluentWait.until(FluentWait.java:232)
	at by.epam.atmentoring.logging.pages.Page.waitElementVisible(Page.java:28)
	at by.epam.atmentoring.logging.pages.DraftsPage.openDraft(DraftsPage.java:27)
	at by.epam.atmentoring.logging.test_steps.BDDStepsDefinitions_Letter.userOpensDraft(BDDStepsDefinitions_Letter.java:44)
	at âœ½.And user opens draft(src/main/java/by/epam/atmentoring/logging/feature/GmailTest.feature:34)
]]>
            </full-stacktrace>
          </exception> <!-- cucumber.runtime.CucumberException -->
          <reporter-output>
          </reporter-output>
        </test-method> <!-- feature -->
        <test-method status="PASS" signature="stopBrowser()[pri:0, instance:by.epam.atmentoring.logging.test.GmailTestBDD@7161d8d1]" name="stopBrowser" is-config="true" duration-ms="885" started-at="2017-09-01T14:27:25Z" description="Stop Browser" finished-at="2017-09-01T14:27:26Z">
          <reporter-output>
          </reporter-output>
        </test-method> <!-- stopBrowser -->
        <test-method status="PASS" signature="tearDownClass()[pri:0, instance:by.epam.atmentoring.logging.test.GmailTestBDD@7161d8d1]" name="tearDownClass" is-config="true" duration-ms="4" started-at="2017-09-01T14:27:26Z" finished-at="2017-09-01T14:27:26Z">
          <reporter-output>
          </reporter-output>
        </test-method> <!-- tearDownClass -->
      </class> <!-- by.epam.atmentoring.logging.test.GmailTestBDD -->
    </test> <!-- Default test -->
  </suite> <!-- Default suite -->
</testng-results>
